<?xml version="1.0" encoding="UTF-8"?>
<!-- Generated by org.testng.reporters.JUnitXMLReporter -->
<testsuite hostname="LAPTOP-R2A7MSSV" ignored="0" name="Default test" tests="3" failures="0" timestamp="26 Nov 2019 17:18:06 GMT" time="26.204" errors="0">
  <testcase name="QfundloginTest" time="2.296" classname="com.qa.utilities.DataProviderTest"/>
  <testcase name="QfundloginTest" time="2.263" classname="com.qa.utilities.DataProviderTest"/>
  <testcase name="QfundloginTest" time="2.262" classname="com.qa.utilities.DataProviderTest"/>
</testsuite> <!-- Default test -->
