<?xml version="1.0" encoding="UTF-8"?>
<testng-results skipped="0" failed="0" ignored="0" total="3" passed="3">
  <reporter-output>
  </reporter-output>
  <suite name="Default suite" duration-ms="26204" started-at="2019-11-26T17:17:40Z" finished-at="2019-11-26T17:18:06Z">
    <groups>
    </groups>
    <test name="Default test" duration-ms="26204" started-at="2019-11-26T17:17:40Z" finished-at="2019-11-26T17:18:06Z">
      <class name="com.qa.utilities.DataProviderTest">
        <test-method status="PASS" signature="setup()[pri:0, instance:com.qa.utilities.DataProviderTest@ae45eb6]" name="setup" is-config="true" duration-ms="6146" started-at="2019-11-26T22:47:40Z" finished-at="2019-11-26T22:47:46Z">
          <reporter-output>
          </reporter-output>
        </test-method> <!-- setup -->
        <test-method status="PASS" signature="QfundloginTest(java.lang.String, java.lang.String, java.lang.String)[pri:0, instance:com.qa.utilities.DataProviderTest@ae45eb6]" name="QfundloginTest" duration-ms="2296" started-at="2019-11-26T22:47:46Z" data-provider="gettestdata" finished-at="2019-11-26T22:47:49Z">
          <params>
            <param index="0">
              <value>
                <![CDATA[admin]]>
              </value>
            </param>
            <param index="1">
              <value>
                <![CDATA[2345.0]]>
              </value>
            </param>
            <param index="2">
              <value>
                <![CDATA[514.0]]>
              </value>
            </param>
          </params>
          <reporter-output>
          </reporter-output>
        </test-method> <!-- QfundloginTest -->
        <test-method status="PASS" signature="teardown()[pri:0, instance:com.qa.utilities.DataProviderTest@ae45eb6]" name="teardown" is-config="true" duration-ms="640" started-at="2019-11-26T22:47:49Z" finished-at="2019-11-26T22:47:49Z">
          <reporter-output>
          </reporter-output>
        </test-method> <!-- teardown -->
        <test-method status="PASS" signature="setup()[pri:0, instance:com.qa.utilities.DataProviderTest@ae45eb6]" name="setup" is-config="true" duration-ms="5626" started-at="2019-11-26T22:47:49Z" finished-at="2019-11-26T22:47:55Z">
          <reporter-output>
          </reporter-output>
        </test-method> <!-- setup -->
        <test-method status="PASS" signature="QfundloginTest(java.lang.String, java.lang.String, java.lang.String)[pri:0, instance:com.qa.utilities.DataProviderTest@ae45eb6]" name="QfundloginTest" duration-ms="2263" started-at="2019-11-26T22:47:55Z" data-provider="gettestdata" finished-at="2019-11-26T22:47:57Z">
          <params>
            <param index="0">
              <value>
                <![CDATA[admin]]>
              </value>
            </param>
            <param index="1">
              <value>
                <![CDATA[2200.0]]>
              </value>
            </param>
            <param index="2">
              <value>
                <![CDATA[632.0]]>
              </value>
            </param>
          </params>
          <reporter-output>
          </reporter-output>
        </test-method> <!-- QfundloginTest -->
        <test-method status="PASS" signature="teardown()[pri:0, instance:com.qa.utilities.DataProviderTest@ae45eb6]" name="teardown" is-config="true" duration-ms="626" started-at="2019-11-26T22:47:57Z" finished-at="2019-11-26T22:47:58Z">
          <reporter-output>
          </reporter-output>
        </test-method> <!-- teardown -->
        <test-method status="PASS" signature="setup()[pri:0, instance:com.qa.utilities.DataProviderTest@ae45eb6]" name="setup" is-config="true" duration-ms="4989" started-at="2019-11-26T22:47:58Z" finished-at="2019-11-26T22:48:03Z">
          <reporter-output>
          </reporter-output>
        </test-method> <!-- setup -->
        <test-method status="PASS" signature="QfundloginTest(java.lang.String, java.lang.String, java.lang.String)[pri:0, instance:com.qa.utilities.DataProviderTest@ae45eb6]" name="QfundloginTest" duration-ms="2262" started-at="2019-11-26T22:48:03Z" data-provider="gettestdata" finished-at="2019-11-26T22:48:05Z">
          <params>
            <param index="0">
              <value>
                <![CDATA[admin]]>
              </value>
            </param>
            <param index="1">
              <value>
                <![CDATA[1234.0]]>
              </value>
            </param>
            <param index="2">
              <value>
                <![CDATA[505.0]]>
              </value>
            </param>
          </params>
          <reporter-output>
          </reporter-output>
        </test-method> <!-- QfundloginTest -->
        <test-method status="PASS" signature="teardown()[pri:0, instance:com.qa.utilities.DataProviderTest@ae45eb6]" name="teardown" is-config="true" duration-ms="749" started-at="2019-11-26T22:48:05Z" finished-at="2019-11-26T22:48:06Z">
          <reporter-output>
          </reporter-output>
        </test-method> <!-- teardown -->
      </class> <!-- com.qa.utilities.DataProviderTest -->
    </test> <!-- Default test -->
  </suite> <!-- Default suite -->
</testng-results>
